# JRE version: OpenJDK Runtime Environment Temurin-21.0.12.1+1 (21.0.12.1+1) (build 21.0.12.1+1-LTS)
# Java VM: OpenJDK 64-Bit Server VM Temurin-21.0.12.1+1 (21.0.12.1+1-LTS, mixed mode, sharing, tiered, compressed oops, compressed class ptrs, parallel gc, windows-amd64)
GC Precious Log:
 CardTable entry size: 512
 CPUs: 16 total, 16 available
 Memory: 16088M
 Large Page Support: Disabled
 NUMA Support: Disabled
 Compressed Oops: Enabled (32-bit)
 Alignments: Space 512K, Generation 512K, Heap 2M
 Heap Min Capacity: 100M
 Heap Initial Capacity: 100M
 Heap Max Capacity: 2G
 Pre-touch: Disabled
 Parallel Workers: 13
Heap:
 PSYoungGen      total 4096K, used 1279K [0x00000000d5580000, 0x00000000d5a80000, 0x0000000100000000)
  eden space 3072K, 23% used [0x00000000d5580000,0x00000000d5637fd0,0x00000000d5880000)
  from space 1024K, 53% used [0x00000000d5880000,0x00000000d5908000,0x00000000d5980000)
  to   space 1024K, 0% used [0x00000000d5980000,0x00000000d5980000,0x00000000d5a80000)
 ParOldGen       total 637440K, used 637065K [0x0000000080000000, 0x00000000a6e80000, 0x00000000d5580000)
  object space 637440K, 99% used [0x0000000080000000,0x00000000a6e22408,0x00000000a6e80000)
 Metaspace       used 83499K, committed 85312K, reserved 1179648K
  class space    used 8686K, committed 9472K, reserved 1048576K
GC Heap History (20 events):
Event: 1611.720 GC heap before
{Heap before GC invocations=1770 (full 4):
 PSYoungGen      total 2560K, used 2080K [0x00000000d5580000, 0x00000000d5a80000, 0x0000000100000000)
  eden space 1536K, 100% used [0x00000000d5580000,0x00000000d5700000,0x00000000d5700000)
  from space 1024K, 53% used [0x00000000d5700000,0x00000000d5788000,0x00000000d5800000)
  to   space 1536K, 0% used [0x00000000d5900000,0x00000000d5900000,0x00000000d5a80000)
 ParOldGen       total 630272K, used 629950K [0x0000000080000000, 0x00000000a6780000, 0x00000000d5580000)
  object space 630272K, 99% used [0x0000000080000000,0x00000000a672faa8,0x00000000a6780000)
 Metaspace       used 83476K, committed 85312K, reserved 1179648K
  class space    used 8686K, committed 9472K, reserved 1048576K
}
Event: 1611.723 GC heap after
{Heap after GC invocations=1770 (full 4):
 PSYoungGen      total 3072K, used 698K [0x00000000d5580000, 0x00000000d5a00000, 0x0000000100000000)
  eden space 2048K, 0% used [0x00000000d5580000,0x00000000d5580000,0x00000000d5780000)
  from space 1024K, 68% used [0x00000000d5900000,0x00000000d59aeb70,0x00000000d5a00000)
  to   space 1024K, 0% used [0x00000000d5800000,0x00000000d5800000,0x00000000d5900000)
 ParOldGen       total 630784K, used 630350K [0x0000000080000000, 0x00000000a6800000, 0x00000000d5580000)
  object space 630784K, 99% used [0x0000000080000000,0x00000000a6793aa8,0x00000000a6800000)
 Metaspace       used 83476K, committed 85312K, reserved 1179648K
  class space    used 8686K, committed 9472K, reserved 1048576K
}
Event: 1611.727 GC heap before
{Heap before GC invocations=1771 (full 4):
 PSYoungGen      total 3072K, used 2746K [0x00000000d5580000, 0x00000000d5a00000, 0x0000000100000000)
  eden space 2048K, 100% used [0x00000000d5580000,0x00000000d5780000,0x00000000d5780000)
  from space 1024K, 68% used [0x00000000d5900000,0x00000000d59aeb70,0x00000000d5a00000)
  to   space 1024K, 0% used [0x00000000d5800000,0x00000000d5800000,0x00000000d5900000)
 ParOldGen       total 630784K, used 630350K [0x0000000080000000, 0x00000000a6800000, 0x00000000d5580000)
  object space 630784K, 99% used [0x0000000080000000,0x00000000a6793aa8,0x00000000a6800000)
 Metaspace       used 83476K, committed 85312K, reserved 1179648K
  class space    used 8686K, committed 9472K, reserved 1048576K
}
Event: 1611.730 GC heap after
{Heap after GC invocations=1771 (full 4):
 PSYoungGen      total 3584K, used 992K [0x00000000d5580000, 0x00000000d5d00000, 0x0000000100000000)
  eden space 2560K, 0% used [0x00000000d5580000,0x00000000d5580000,0x00000000d5800000)
  from space 1024K, 96% used [0x00000000d5800000,0x00000000d58f8010,0x00000000d5900000)
  to   space 2560K, 0% used [0x00000000d5a80000,0x00000000d5a80000,0x00000000d5d00000)
 ParOldGen       total 631296K, used 631209K [0x0000000080000000, 0x00000000a6880000, 0x00000000d5580000)
  object space 631296K, 99% used [0x0000000080000000,0x00000000a686a648,0x00000000a6880000)
 Metaspace       used 83476K, committed 85312K, reserved 1179648K
  class space    used 8686K, committed 9472K, reserved 1048576K
}
Event: 1611.735 GC heap before
{Heap before GC invocations=1772 (full 4):
 PSYoungGen      total 3584K, used 3552K [0x00000000d5580000, 0x00000000d5d00000, 0x0000000100000000)
  eden space 2560K, 100% used [0x00000000d5580000,0x00000000d5800000,0x00000000d5800000)
  from space 1024K, 96% used [0x00000000d5800000,0x00000000d58f8010,0x00000000d5900000)
  to   space 2560K, 0% used [0x00000000d5a80000,0x00000000d5a80000,0x00000000d5d00000)
 ParOldGen       total 631296K, used 631209K [0x0000000080000000, 0x00000000a6880000, 0x00000000d5580000)
  object space 631296K, 99% used [0x0000000080000000,0x00000000a686a648,0x00000000a6880000)
 Metaspace       used 83478K, committed 85312K, reserved 1179648K
  class space    used 8686K, committed 9472K, reserved 1048576K
}
Event: 1611.738 GC heap after
{Heap after GC invocations=1772 (full 4):
 PSYoungGen      total 4096K, used 576K [0x00000000d5580000, 0x00000000d5b80000, 0x0000000100000000)
  eden space 3072K, 0% used [0x00000000d5580000,0x00000000d5580000,0x00000000d5880000)
  from space 1024K, 56% used [0x00000000d5a80000,0x00000000d5b10000,0x00000000d5b80000)
  to   space 1536K, 0% used [0x00000000d5880000,0x00000000d5880000,0x00000000d5a00000)
 ParOldGen       total 632320K, used 632217K [0x0000000080000000, 0x00000000a6980000, 0x00000000d5580000)
  object space 632320K, 99% used [0x0000000080000000,0x00000000a6966658,0x00000000a6980000)
 Metaspace       used 83478K, committed 85312K, reserved 1179648K
  class space    used 8686K, committed 9472K, reserved 1048576K
}
Event: 1611.750 GC heap before
{Heap before GC invocations=1773 (full 4):
 PSYoungGen      total 4096K, used 3648K [0x00000000d5580000, 0x00000000d5b80000, 0x0000000100000000)
  eden space 3072K, 100% used [0x00000000d5580000,0x00000000d5880000,0x00000000d5880000)
  from space 1024K, 56% used [0x00000000d5a80000,0x00000000d5b10000,0x00000000d5b80000)
  to   space 1536K, 0% used [0x00000000d5880000,0x00000000d5880000,0x00000000d5a00000)
 ParOldGen       total 632320K, used 632217K [0x0000000080000000, 0x00000000a6980000, 0x00000000d5580000)
  object space 632320K, 99% used [0x0000000080000000,0x00000000a6966658,0x00000000a6980000)
 Metaspace       used 83479K, committed 85312K, reserved 1179648K
  class space    used 8686K, committed 9472K, reserved 1048576K
}
Event: 1611.753 GC heap after
{Heap after GC invocations=1773 (full 4):
 PSYoungGen      total 4608K, used 602K [0x00000000d5580000, 0x00000000d5b80000, 0x0000000100000000)
  eden space 3072K, 0% used [0x00000000d5580000,0x00000000d5580000,0x00000000d5880000)
  from space 1536K, 39% used [0x00000000d5880000,0x00000000d5916900,0x00000000d5a00000)
  to   space 1024K, 0% used [0x00000000d5a80000,0x00000000d5a80000,0x00000000d5b80000)
 ParOldGen       total 632832K, used 632569K [0x0000000080000000, 0x00000000a6a00000, 0x00000000d5580000)
  object space 632832K, 99% used [0x0000000080000000,0x00000000a69be658,0x00000000a6a00000)
 Metaspace       used 83479K, committed 85312K, reserved 1179648K
  class space    used 8686K, committed 9472K, reserved 1048576K
}
Event: 1611.760 GC heap before
{Heap before GC invocations=1774 (full 4):
 PSYoungGen      total 4608K, used 3674K [0x00000000d5580000, 0x00000000d5b80000, 0x0000000100000000)
  eden space 3072K, 100% used [0x00000000d5580000,0x00000000d5880000,0x00000000d5880000)
  from space 1536K, 39% used [0x00000000d5880000,0x00000000d5916900,0x00000000d5a00000)
  to   space 1024K, 0% used [0x00000000d5a80000,0x00000000d5a80000,0x00000000d5b80000)
 ParOldGen       total 632832K, used 632569K [0x0000000080000000, 0x00000000a6a00000, 0x00000000d5580000)
  object space 632832K, 99% used [0x0000000080000000,0x00000000a69be658,0x00000000a6a00000)
 Metaspace       used 83479K, committed 85312K, reserved 1179648K
  class space    used 8686K, committed 9472K, reserved 1048576K
}
Event: 1611.764 GC heap after
{Heap after GC invocations=1774 (full 4):
 PSYoungGen      total 4096K, used 992K [0x00000000d5580000, 0x00000000d5d80000, 0x0000000100000000)
  eden space 3072K, 0% used [0x00000000d5580000,0x00000000d5580000,0x00000000d5880000)
  from space 1024K, 96% used [0x00000000d5a80000,0x00000000d5b78010,0x00000000d5b80000)
  to   space 2048K, 0% used [0x00000000d5880000,0x00000000d5880000,0x00000000d5a80000)
 ParOldGen       total 633344K, used 632982K [0x0000000080000000, 0x00000000a6a80000, 0x00000000d5580000)
  object space 633344K, 99% used [0x0000000080000000,0x00000000a6a25858,0x00000000a6a80000)
 Metaspace       used 83479K, committed 85312K, reserved 1179648K
  class space    used 8686K, committed 9472K, reserved 1048576K
}
Event: 1611.772 GC heap before
{Heap before GC invocations=1775 (full 4):
 PSYoungGen      total 4096K, used 4064K [0x00000000d5580000, 0x00000000d5d80000, 0x0000000100000000)
  eden space 3072K, 100% used [0x00000000d5580000,0x00000000d5880000,0x00000000d5880000)
  from space 1024K, 96% used [0x00000000d5a80000,0x00000000d5b78010,0x00000000d5b80000)
  to   space 2048K, 0% used [0x00000000d5880000,0x00000000d5880000,0x00000000d5a80000)
 ParOldGen       total 633344K, used 632982K [0x0000000080000000, 0x00000000a6a80000, 0x00000000d5580000)
  object space 633344K, 99% used [0x0000000080000000,0x00000000a6a25858,0x00000000a6a80000)
 Metaspace       used 83480K, committed 85312K, reserved 1179648K
  class space    used 8686K, committed 9472K, reserved 1048576K
}
Event: 1611.776 GC heap after
{Heap after GC invocations=1775 (full 4):
 PSYoungGen      total 5120K, used 1178K [0x00000000d5580000, 0x00000000d5c80000, 0x0000000100000000)
  eden space 3072K, 0% used [0x00000000d5580000,0x00000000d5580000,0x00000000d5880000)
  from space 2048K, 57% used [0x00000000d5880000,0x00000000d59a6b70,0x00000000d5a80000)
  to   space 1536K, 0% used [0x00000000d5b00000,0x00000000d5b00000,0x00000000d5c80000)
 ParOldGen       total 634368K, used 633990K [0x0000000080000000, 0x00000000a6b80000, 0x00000000d5580000)
  object space 634368K, 99% used [0x0000000080000000,0x00000000a6b21868,0x00000000a6b80000)
 Metaspace       used 83480K, committed 85312K, reserved 1179648K
  class space    used 8686K, committed 9472K, reserved 1048576K
}
Event: 1611.782 GC heap before
{Heap before GC invocations=1776 (full 4):
 PSYoungGen      total 5120K, used 4250K [0x00000000d5580000, 0x00000000d5c80000, 0x0000000100000000)
  eden space 3072K, 100% used [0x00000000d5580000,0x00000000d5880000,0x00000000d5880000)
  from space 2048K, 57% used [0x00000000d5880000,0x00000000d59a6b70,0x00000000d5a80000)
  to   space 1536K, 0% used [0x00000000d5b00000,0x00000000d5b00000,0x00000000d5c80000)
 ParOldGen       total 634368K, used 633990K [0x0000000080000000, 0x00000000a6b80000, 0x00000000d5580000)
  object space 634368K, 99% used [0x0000000080000000,0x00000000a6b21868,0x00000000a6b80000)
 Metaspace       used 83480K, committed 85312K, reserved 1179648K
  class space    used 8686K, committed 9472K, reserved 1048576K
}
Event: 1611.788 GC heap after
{Heap after GC invocations=1776 (full 4):
 PSYoungGen      total 3584K, used 1504K [0x00000000d5580000, 0x00000000d6080000, 0x0000000100000000)
  eden space 2048K, 0% used [0x00000000d5580000,0x00000000d5580000,0x00000000d5780000)
  from space 1536K, 97% used [0x00000000d5b00000,0x00000000d5c78010,0x00000000d5c80000)
  to   space 3584K, 0% used [0x00000000d5780000,0x00000000d5780000,0x00000000d5b00000)
 ParOldGen       total 635392K, used 635312K [0x0000000080000000, 0x00000000a6c80000, 0x00000000d5580000)
  object space 635392K, 99% used [0x0000000080000000,0x00000000a6c6c3f8,0x00000000a6c80000)
 Metaspace       used 83480K, committed 85312K, reserved 1179648K
  class space    used 8686K, committed 9472K, reserved 1048576K
}
Event: 1611.791 GC heap before
{Heap before GC invocations=1777 (full 4):
 PSYoungGen      total 3584K, used 3552K [0x00000000d5580000, 0x00000000d6080000, 0x0000000100000000)
  eden space 2048K, 100% used [0x00000000d5580000,0x00000000d5780000,0x00000000d5780000)
  from space 1536K, 97% used [0x00000000d5b00000,0x00000000d5c78010,0x00000000d5c80000)
  to   space 3584K, 0% used [0x00000000d5780000,0x00000000d5780000,0x00000000d5b00000)
 ParOldGen       total 635392K, used 635312K [0x0000000080000000, 0x00000000a6c80000, 0x00000000d5580000)
  object space 635392K, 99% used [0x0000000080000000,0x00000000a6c6c3f8,0x00000000a6c80000)
 Metaspace       used 83480K, committed 85312K, reserved 1179648K
  class space    used 8686K, committed 9472K, reserved 1048576K
}
Event: 1611.795 GC heap after
{Heap after GC invocations=1777 (full 4):
 PSYoungGen      total 3072K, used 608K [0x00000000d5580000, 0x00000000d5b80000, 0x0000000100000000)
  eden space 2048K, 0% used [0x00000000d5580000,0x00000000d5580000,0x00000000d5780000)
  from space 1024K, 59% used [0x00000000d5780000,0x00000000d5818000,0x00000000d5880000)
  to   space 1536K, 0% used [0x00000000d5a00000,0x00000000d5a00000,0x00000000d5b80000)
 ParOldGen       total 636928K, used 636825K [0x0000000080000000, 0x00000000a6e00000, 0x00000000d5580000)
  object space 636928K, 99% used [0x0000000080000000,0x00000000a6de6408,0x00000000a6e00000)
 Metaspace       used 83480K, committed 85312K, reserved 1179648K
  class space    used 8686K, committed 9472K, reserved 1048576K
}
Event: 1611.800 GC heap before
{Heap before GC invocations=1778 (full 4):
 PSYoungGen      total 3072K, used 2656K [0x00000000d5580000, 0x00000000d5b80000, 0x0000000100000000)
  eden space 2048K, 100% used [0x00000000d5580000,0x00000000d5780000,0x00000000d5780000)
  from space 1024K, 59% used [0x00000000d5780000,0x00000000d5818000,0x00000000d5880000)
  to   space 1536K, 0% used [0x00000000d5a00000,0x00000000d5a00000,0x00000000d5b80000)
 ParOldGen       total 636928K, used 636825K [0x0000000080000000, 0x00000000a6e00000, 0x00000000d5580000)
  object space 636928K, 99% used [0x0000000080000000,0x00000000a6de6408,0x00000000a6e00000)
 Metaspace       used 83480K, committed 85312K, reserved 1179648K
  class space    used 8686K, committed 9472K, reserved 1048576K
}
Event: 1611.802 GC heap after
{Heap after GC invocations=1778 (full 4):
 PSYoungGen      total 3072K, used 416K [0x00000000d5580000, 0x00000000d5a80000, 0x0000000100000000)
  eden space 2560K, 0% used [0x00000000d5580000,0x00000000d5580000,0x00000000d5800000)
  from space 512K, 81% used [0x00000000d5a00000,0x00000000d5a68000,0x00000000d5a80000)
  to   space 1024K, 0% used [0x00000000d5880000,0x00000000d5880000,0x00000000d5980000)
 ParOldGen       total 637440K, used 636953K [0x0000000080000000, 0x00000000a6e80000, 0x00000000d5580000)
  object space 637440K, 99% used [0x0000000080000000,0x00000000a6e06408,0x00000000a6e80000)
 Metaspace       used 83480K, committed 85312K, reserved 1179648K
  class space    used 8686K, committed 9472K, reserved 1048576K
}
Event: 2483.894 GC heap before
{Heap before GC invocations=1779 (full 4):
 PSYoungGen      total 3072K, used 2976K [0x00000000d5580000, 0x00000000d5a80000, 0x0000000100000000)
  eden space 2560K, 100% used [0x00000000d5580000,0x00000000d5800000,0x00000000d5800000)
  from space 512K, 81% used [0x00000000d5a00000,0x00000000d5a68000,0x00000000d5a80000)
  to   space 1024K, 0% used [0x00000000d5880000,0x00000000d5880000,0x00000000d5980000)
 ParOldGen       total 637440K, used 636953K [0x0000000080000000, 0x00000000a6e80000, 0x00000000d5580000)
  object space 637440K, 99% used [0x0000000080000000,0x00000000a6e06408,0x00000000a6e80000)
 Metaspace       used 83493K, committed 85312K, reserved 1179648K
  class space    used 8686K, committed 9472K, reserved 1048576K
}
Event: 2484.011 GC heap after
{Heap after GC invocations=1779 (full 4):
 PSYoungGen      total 4096K, used 544K [0x00000000d5580000, 0x00000000d5a80000, 0x0000000100000000)
  eden space 3072K, 0% used [0x00000000d5580000,0x00000000d5580000,0x00000000d5880000)
  from space 1024K, 53% used [0x00000000d5880000,0x00000000d5908000,0x00000000d5980000)
  to   space 1024K, 0% used [0x00000000d5980000,0x00000000d5980000,0x00000000d5a80000)
 ParOldGen       total 637440K, used 637065K [0x0000000080000000, 0x00000000a6e80000, 0x00000000d5580000)
  object space 637440K, 99% used [0x0000000080000000,0x00000000a6e22408,0x00000000a6e80000)
 Metaspace       used 83493K, committed 85312K, reserved 1179648K
  class space    used 8686K, committed 9472K, reserved 1048576K
}

